Determining if the pthread_create exist failed with the following output:
Change Dir: /home/ajcraig/projects/CirclesCMake/build/CMakeFiles/CMakeTmp

Run Build Command:"/usr/bin/make" "cmTC_1bf5d/fast"
/usr/bin/make -f CMakeFiles/cmTC_1bf5d.dir/build.make CMakeFiles/cmTC_1bf5d.dir/build
make[1]: Entering directory '/home/ajcraig/projects/CirclesCMake/build/CMakeFiles/CMakeTmp'
Building C object CMakeFiles/cmTC_1bf5d.dir/CheckSymbolExists.c.o
/usr/bin/cc     -o CMakeFiles/cmTC_1bf5d.dir/CheckSymbolExists.c.o   -c /home/ajcraig/projects/CirclesCMake/build/CMakeFiles/CMakeTmp/CheckSymbolExists.c
Linking C executable cmTC_1bf5d
/usr/bin/cmake -E cmake_link_script CMakeFiles/cmTC_1bf5d.dir/link.txt --verbose=1
/usr/bin/cc       CMakeFiles/cmTC_1bf5d.dir/CheckSymbolExists.c.o  -o cmTC_1bf5d 
CMakeFiles/cmTC_1bf5d.dir/CheckSymbolExists.c.o: In function `main':
CheckSymbolExists.c:(.text+0x16): undefined reference to `pthread_create'
collect2: error: ld returned 1 exit status
CMakeFiles/cmTC_1bf5d.dir/build.make:97: recipe for target 'cmTC_1bf5d' failed
make[1]: *** [cmTC_1bf5d] Error 1
make[1]: Leaving directory '/home/ajcraig/projects/CirclesCMake/build/CMakeFiles/CMakeTmp'
Makefile:126: recipe for target 'cmTC_1bf5d/fast' failed
make: *** [cmTC_1bf5d/fast] Error 2

File /home/ajcraig/projects/CirclesCMake/build/CMakeFiles/CMakeTmp/CheckSymbolExists.c:
/* */
#include <pthread.h>

int main(int argc, char** argv)
{
  (void)argv;
#ifndef pthread_create
  return ((int*)(&pthread_create))[argc];
#else
  (void)argc;
  return 0;
#endif
}

Determining if the function pthread_create exists in the pthreads failed with the following output:
Change Dir: /home/ajcraig/projects/CirclesCMake/build/CMakeFiles/CMakeTmp

Run Build Command:"/usr/bin/make" "cmTC_0e967/fast"
/usr/bin/make -f CMakeFiles/cmTC_0e967.dir/build.make CMakeFiles/cmTC_0e967.dir/build
make[1]: Entering directory '/home/ajcraig/projects/CirclesCMake/build/CMakeFiles/CMakeTmp'
Building C object CMakeFiles/cmTC_0e967.dir/CheckFunctionExists.c.o
/usr/bin/cc    -DCHECK_FUNCTION_EXISTS=pthread_create   -o CMakeFiles/cmTC_0e967.dir/CheckFunctionExists.c.o   -c /usr/share/cmake-3.5/Modules/CheckFunctionExists.c
Linking C executable cmTC_0e967
/usr/bin/cmake -E cmake_link_script CMakeFiles/cmTC_0e967.dir/link.txt --verbose=1
/usr/bin/cc   -DCHECK_FUNCTION_EXISTS=pthread_create    CMakeFiles/cmTC_0e967.dir/CheckFunctionExists.c.o  -o cmTC_0e967 -lpthreads 
/usr/bin/ld: cannot find -lpthreads
collect2: error: ld returned 1 exit status
CMakeFiles/cmTC_0e967.dir/build.make:97: recipe for target 'cmTC_0e967' failed
make[1]: *** [cmTC_0e967] Error 1
make[1]: Leaving directory '/home/ajcraig/projects/CirclesCMake/build/CMakeFiles/CMakeTmp'
Makefile:126: recipe for target 'cmTC_0e967/fast' failed
make: *** [cmTC_0e967/fast] Error 2


